<?xml version="1.0" encoding="UTF-8"?>
<!-- Generated by org.testng.reporters.JUnitXMLReporter -->
<testsuite ignored="0" hostname="DESKTOP-GIL2FHK" failures="0" tests="3" name="UploadTests" time="22.253" errors="0" timestamp="2024-05-21T08:00:18 IST">
  <testcase classname="com.herouapp.theinternet.uploadtests.UploadTests" name="fileUploadTest" time="4.753"/>
  <testcase classname="com.herouapp.theinternet.uploadtests.UploadTests" name="fileUploadTest" time="5.199"/>
  <testcase classname="com.herouapp.theinternet.uploadtests.UploadTests" name="fileUploadTest" time="7.202"/>
</testsuite> <!-- UploadTests -->
