<?xml version="1.0" encoding="UTF-8"?>
<!-- Generated by org.testng.reporters.JUnitXMLReporter -->
<testsuite ignored="1" hostname="DESKTOP-GIL2FHK" failures="0" tests="1" name="KeyPressesTests-FF" time="5.538" errors="0" timestamp="2024-05-20T20:01:49 IST">
  <testcase classname="com.herouapp.theinternet.keypressestests.KeyPressesTests" name="pressKeyWithActionsTest" time="3.994"/>
  <testcase classname="com.herouapp.theinternet.keypressestests.KeyPressesTests" name="pressKeyTest" time="0.0">
    <ignored/>
  </testcase> <!-- pressKeyTest -->
</testsuite> <!-- KeyPressesTests-FF -->
