<?xml version="1.0" encoding="UTF-8"?>
<!-- Generated by org.testng.reporters.JUnitXMLReporter -->
<testsuite ignored="1" hostname="DESKTOP-GIL2FHK" failures="0" tests="1" name="KeyPressesTests-CH" time="40.373" errors="0" timestamp="2024-05-20T20:01:43 IST">
  <testcase classname="com.herouapp.theinternet.keypressestests.KeyPressesTests" name="pressKeyWithActionsTest" time="37.163"/>
  <testcase classname="com.herouapp.theinternet.keypressestests.KeyPressesTests" name="pressKeyTest" time="0.0">
    <ignored/>
  </testcase> <!-- pressKeyTest -->
</testsuite> <!-- KeyPressesTests-CH -->
