<?xml version="1.0" encoding="UTF-8"?>
<!-- Generated by org.testng.reporters.JUnitXMLReporter -->
<testsuite ignored="0" hostname="DESKTOP-GIL2FHK" failures="0" tests="3" name="UploadTests" time="24.176" errors="0" timestamp="2024-05-21T06:25:17 IST">
  <testcase classname="com.herouapp.theinternet.uploadtests.UploadTests" name="fileUploadTest" time="4.842"/>
  <testcase classname="com.herouapp.theinternet.uploadtests.UploadTests" name="fileUploadTest" time="6.228"/>
  <testcase classname="com.herouapp.theinternet.uploadtests.UploadTests" name="fileUploadTest" time="5.051"/>
</testsuite> <!-- UploadTests -->
