<?xml version="1.0" encoding="UTF-8"?>
<!-- Generated by org.testng.reporters.JUnitXMLReporter -->
<testsuite ignored="0" hostname="DESKTOP-GIL2FHK" failures="0" tests="5" name="NegativeLogInTest-CH" time="47.223" errors="0" timestamp="2024-05-21T06:52:49 IST">
  <testcase classname="com.herouapp.theinternet.loginpagetests.NegativeLogInTests" name="negativeLogInTest" time="7.551"/>
  <testcase classname="com.herouapp.theinternet.loginpagetests.NegativeLogInTests" name="negativeLogInTest" time="7.134"/>
  <testcase classname="com.herouapp.theinternet.loginpagetests.NegativeLogInTests" name="negativeLogInTest" time="6.494"/>
  <testcase classname="com.herouapp.theinternet.loginpagetests.NegativeLogInTests" name="negativeLogInTest" time="7.125"/>
  <testcase classname="com.herouapp.theinternet.loginpagetests.NegativeLogInTests" name="negativeLogInTest" time="7.213"/>
</testsuite> <!-- NegativeLogInTest-CH -->
